2022-12-15 14:17:52,581 INFO o.s.b.StartupInfoLogger [main] Starting AutomaticIrrigationSystemApplication using Java 11.0.11 on MSI-L2257 with PID 25516 (C:\Munish\Eclipse_WS\automatic_irrigation_system\target\classes started by c-munish.bhardwaj in C:\Munish\Eclipse_WS\automatic_irrigation_system)
2022-12-15 14:17:52,590 DEBUG o.s.b.StartupInfoLogger [main] Running with Spring Boot v2.4.0, Spring v5.3.1
2022-12-15 14:17:52,591 INFO o.s.b.SpringApplication [main] No active profile set, falling back to default profiles: default
2022-12-15 14:17:53,163 INFO o.s.d.r.c.RepositoryConfigurationDelegate [main] Bootstrapping Spring Data JPA repositories in DEFAULT mode.
2022-12-15 14:17:53,246 INFO o.s.d.r.c.RepositoryConfigurationDelegate [main] Finished Spring Data repository scanning in 64 ms. Found 2 JPA repository interfaces.
2022-12-15 14:17:53,681 INFO o.s.c.s.PostProcessorRegistrationDelegate$BeanPostProcessorChecker [main] Bean 'org.springframework.retry.annotation.RetryConfiguration' of type [org.springframework.retry.annotation.RetryConfiguration$$EnhancerBySpringCGLIB$$b0fec85a] is not eligible for getting processed by all BeanPostProcessors (for example: not eligible for auto-proxying)
2022-12-15 14:17:54,173 INFO o.s.b.w.e.t.TomcatWebServer [main] Tomcat initialized with port(s): 8080 (http)
2022-12-15 14:17:54,186 INFO o.a.j.l.DirectJDKLog [main] Initializing ProtocolHandler ["http-nio-8080"]
2022-12-15 14:17:54,187 INFO o.a.j.l.DirectJDKLog [main] Starting service [Tomcat]
2022-12-15 14:17:54,187 INFO o.a.j.l.DirectJDKLog [main] Starting Servlet engine: [Apache Tomcat/9.0.39]
2022-12-15 14:17:54,280 INFO o.a.j.l.DirectJDKLog [main] Initializing Spring embedded WebApplicationContext
2022-12-15 14:17:54,281 INFO o.s.b.w.s.c.ServletWebServerApplicationContext [main] Root WebApplicationContext: initialization completed in 1623 ms
2022-12-15 14:17:54,355 INFO c.z.h.HikariDataSource [main] HikariPool-1 - Starting...
2022-12-15 14:17:54,543 INFO c.z.h.HikariDataSource [main] HikariPool-1 - Start completed.
2022-12-15 14:17:54,549 INFO o.s.b.a.h.H2ConsoleAutoConfiguration [main] H2 console available at '/h2-console'. Database available at 'jdbc:h2:mem:ais'
2022-12-15 14:17:54,724 INFO o.h.j.i.u.LogHelper [main] HHH000204: Processing PersistenceUnitInfo [name: default]
2022-12-15 14:17:54,784 INFO o.h.Version [main] HHH000412: Hibernate ORM core version 5.4.23.Final
2022-12-15 14:17:54,939 INFO o.h.a.c.r.j.JavaReflectionManager [main] HCANN000001: Hibernate Commons Annotations {5.1.2.Final}
2022-12-15 14:17:55,082 INFO o.h.d.Dialect [main] HHH000400: Using dialect: org.hibernate.dialect.H2Dialect
2022-12-15 14:17:55,928 INFO o.h.e.t.j.p.i.JtaPlatformInitiator [main] HHH000490: Using JtaPlatform implementation: [org.hibernate.engine.transaction.jta.platform.internal.NoJtaPlatform]
2022-12-15 14:17:55,939 INFO o.s.o.j.AbstractEntityManagerFactoryBean [main] Initialized JPA EntityManagerFactory for persistence unit 'default'
2022-12-15 14:17:56,462 WARN o.s.b.a.o.j.JpaBaseConfiguration$JpaWebConfiguration [main] spring.jpa.open-in-view is enabled by default. Therefore, database queries may be performed during view rendering. Explicitly configure spring.jpa.open-in-view to disable this warning
2022-12-15 14:17:56,586 INFO o.s.s.c.ExecutorConfigurationSupport [main] Initializing ExecutorService 'applicationTaskExecutor'
2022-12-15 14:17:56,861 INFO o.a.j.l.DirectJDKLog [main] Starting ProtocolHandler ["http-nio-8080"]
2022-12-15 14:17:56,885 INFO o.s.b.w.e.t.TomcatWebServer [main] Tomcat started on port(s): 8080 (http) with context path ''
2022-12-15 14:17:56,906 INFO o.s.b.StartupInfoLogger [main] Started AutomaticIrrigationSystemApplication in 4.781 seconds (JVM running for 5.459)
